{"/home/yt/Jest/apple.js": {"path":"/home/yt/Jest/apple.js","statementMap":{"0":{"start":{"line":2,"column":4},"end":{"line":2,"column":38}}},"fnMap":{"0":{"name":"count","decl":{"start":{"line":1,"column":16},"end":{"line":1,"column":21}},"loc":{"start":{"line":1,"column":29},"end":{"line":3,"column":1}},"line":1}},"branchMap":{"0":{"loc":{"start":{"line":2,"column":11},"end":{"line":2,"column":38}},"type":"cond-expr","locations":[{"start":{"line":2,"column":25},"end":{"line":2,"column":30}},{"start":{"line":2,"column":33},"end":{"line":2,"column":38}}],"line":2}},"s":{"0":1},"f":{"0":1},"b":{"0":[1,0]},"_coverageSchema":"43e27e138ebf9cfc5966b082cf9a028302ed4184","hash":"d9f2b4bdf70cb2ad703e21f656c638253b00cdc6"}
,"/home/yt/Jest/fetchData.js": {"path":"/home/yt/Jest/fetchData.js","statementMap":{"0":{"start":{"line":2,"column":25},"end":{"line":12,"column":1}},"1":{"start":{"line":3,"column":4},"end":{"line":11,"column":9}},"2":{"start":{"line":6,"column":16},"end":{"line":6,"column":34}},"3":{"start":{"line":9,"column":16},"end":{"line":9,"column":33}},"4":{"start":{"line":18,"column":4},"end":{"line":18,"column":58}},"5":{"start":{"line":24,"column":4},"end":{"line":24,"column":59}},"6":{"start":{"line":30,"column":4},"end":{"line":30,"column":58}}},"fnMap":{"0":{"name":"(anonymous_0)","decl":{"start":{"line":2,"column":25},"end":{"line":2,"column":26}},"loc":{"start":{"line":2,"column":39},"end":{"line":12,"column":1}},"line":2},"1":{"name":"(anonymous_1)","decl":{"start":{"line":5,"column":12},"end":{"line":5,"column":13}},"loc":{"start":{"line":5,"column":32},"end":{"line":7,"column":13}},"line":5},"2":{"name":"(anonymous_2)","decl":{"start":{"line":8,"column":12},"end":{"line":8,"column":13}},"loc":{"start":{"line":8,"column":27},"end":{"line":10,"column":13}},"line":8},"3":{"name":"fetchTwoData","decl":{"start":{"line":14,"column":16},"end":{"line":14,"column":28}},"loc":{"start":{"line":14,"column":31},"end":{"line":20,"column":1}},"line":14},"4":{"name":"fetchThreeData","decl":{"start":{"line":22,"column":16},"end":{"line":22,"column":30}},"loc":{"start":{"line":22,"column":33},"end":{"line":26,"column":1}},"line":22},"5":{"name":"fetchFourData","decl":{"start":{"line":28,"column":16},"end":{"line":28,"column":29}},"loc":{"start":{"line":28,"column":32},"end":{"line":32,"column":1}},"line":28}},"branchMap":{},"s":{"0":1,"1":1,"2":1,"3":0,"4":1,"5":1,"6":1},"f":{"0":1,"1":1,"2":0,"3":1,"4":1,"5":1},"b":{},"_coverageSchema":"43e27e138ebf9cfc5966b082cf9a028302ed4184","hash":"89df23d15c632dcbd0632b005afa6e63fabf324c"}
}
