TN:
SF:/home/yt/Jest/apple.js
FN:1,count
FNF:1
FNH:1
FNDA:1,count
DA:2,1
LF:1
LH:1
BRDA:2,0,0,1
BRDA:2,0,1,0
BRF:2
BRH:1
end_of_record
TN:
SF:/home/yt/Jest/fetchData.js
FN:2,(anonymous_0)
FN:5,(anonymous_1)
FN:8,(anonymous_2)
FN:14,fetchTwoData
FN:22,fetchThreeData
FN:28,fetchFourData
FNF:6
FNH:5
FNDA:1,(anonymous_0)
FNDA:1,(anonymous_1)
FNDA:0,(anonymous_2)
FNDA:1,fetchTwoData
FNDA:1,fetchThreeData
FNDA:1,fetchFourData
DA:2,1
DA:3,1
DA:6,1
DA:9,0
DA:18,1
DA:24,1
DA:30,1
LF:7
LH:6
BRF:0
BRH:0
end_of_record
